Using pre-set license
Built from '2021.3/staging' branch; Version is '2021.3.2f1 (d6360bedb9a0) revision 14038539'; Using compiler version '192829333'; Build Type 'Release'
OS: 'Windows 10  (10.0.19045) 64bit Core' Language: 'es' Physical Memory: 16222 MB
BatchMode: 1, IsHumanControllingUs: 0, StartBugReporterOnCrash: 0, Is64bit: 1, IsPro: 1

COMMAND LINE ARGUMENTS:
E:\Unity 2021.3.2fi\Unity 2021.3.2f1\Editor\Unity.exe
-adb2
-batchMode
-noUpm
-name
AssetImportWorker0
-projectPath
C:/Users/Usuario/Desktop/El Bosco Juego/El-Bosco-Juego
-logFile
Logs/AssetImportWorker0.log
-srvPort
12131
Successfully changed project path to: C:/Users/Usuario/Desktop/El Bosco Juego/El-Bosco-Juego
C:/Users/Usuario/Desktop/El Bosco Juego/El-Bosco-Juego
[UnityMemory] Configuration Parameters - Can be set up in boot.config
    "memorysetup-bucket-allocator-granularity=16"
    "memorysetup-bucket-allocator-bucket-count=8"
    "memorysetup-bucket-allocator-block-size=33554432"
    "memorysetup-bucket-allocator-block-count=8"
    "memorysetup-main-allocator-block-size=16777216"
    "memorysetup-thread-allocator-block-size=16777216"
    "memorysetup-gfx-main-allocator-block-size=16777216"
    "memorysetup-gfx-thread-allocator-block-size=16777216"
    "memorysetup-cache-allocator-block-size=4194304"
    "memorysetup-typetree-allocator-block-size=2097152"
    "memorysetup-profiler-bucket-allocator-granularity=16"
    "memorysetup-profiler-bucket-allocator-bucket-count=8"
    "memorysetup-profiler-bucket-allocator-block-size=33554432"
    "memorysetup-profiler-bucket-allocator-block-count=8"
    "memorysetup-profiler-allocator-block-size=16777216"
    "memorysetup-profiler-editor-allocator-block-size=1048576"
    "memorysetup-temp-allocator-size-main=16777216"
    "memorysetup-job-temp-allocator-block-size=2097152"
    "memorysetup-job-temp-allocator-block-size-background=1048576"
    "memorysetup-job-temp-allocator-reduction-small-platforms=262144"
    "memorysetup-temp-allocator-size-background-worker=32768"
    "memorysetup-temp-allocator-size-job-worker=262144"
    "memorysetup-temp-allocator-size-preload-manager=33554432"
    "memorysetup-temp-allocator-size-nav-mesh-worker=65536"
    "memorysetup-temp-allocator-size-audio-worker=65536"
    "memorysetup-temp-allocator-size-cloud-worker=32768"
    "memorysetup-temp-allocator-size-gi-baking-worker=262144"
    "memorysetup-temp-allocator-size-gfx=262144"
Refreshing native plugins compatible for Editor in 433.87 ms, found 4 plugins.
Preloading 0 native plugins for Editor in 0.00 ms.
Initialize engine version: 2021.3.2f1 (d6360bedb9a0)
[Subsystems] Discovering subsystems at path E:/Unity 2021.3.2fi/Unity 2021.3.2f1/Editor/Data/Resources/UnitySubsystems
[Subsystems] Discovering subsystems at path C:/Users/Usuario/Desktop/El Bosco Juego/El-Bosco-Juego/Assets
GfxDevice: creating device client; threaded=0; jobified=0
Direct3D:
    Version:  Direct3D 11.0 [level 11.0]
    Renderer: NVIDIA GeForce GTX 950M (ID=0x139a)
    Vendor:   NVIDIA
    VRAM:     4054 MB
    Driver:   31.0.15.2802
Initialize mono
Mono path[0] = 'E:/Unity 2021.3.2fi/Unity 2021.3.2f1/Editor/Data/Managed'
Mono path[1] = 'E:/Unity 2021.3.2fi/Unity 2021.3.2f1/Editor/Data/MonoBleedingEdge/lib/mono/unityjit-win32'
Mono config path = 'E:/Unity 2021.3.2fi/Unity 2021.3.2f1/Editor/Data/MonoBleedingEdge/etc'
Using monoOptions --debugger-agent=transport=dt_socket,embedding=1,server=y,suspend=n,address=127.0.0.1:56284
Begin MonoManager ReloadAssembly
Registering precompiled unity dll's ...
Register platform support module: E:/Unity 2021.3.2fi/Unity 2021.3.2f1/Editor/Data/PlaybackEngines/WindowsStandaloneSupport/UnityEditor.WindowsStandalone.Extensions.dll
Registered in 0.006391 seconds.
Native extension for WindowsStandalone target not found
Refreshing native plugins compatible for Editor in 344.68 ms, found 4 plugins.
Preloading 0 native plugins for Editor in 0.00 ms.
Mono: successfully reloaded assembly
- Completed reload, in  3.022 seconds
Domain Reload Profiling:
	ReloadAssembly (3023ms)
		BeginReloadAssembly (512ms)
			ExecutionOrderSort (0ms)
			DisableScriptedObjects (0ms)
			BackupInstance (0ms)
			ReleaseScriptingObjects (0ms)
			CreateAndSetChildDomain (1ms)
		EndReloadAssembly (2272ms)
			LoadAssemblies (511ms)
			RebuildTransferFunctionScriptingTraits (0ms)
			SetupTypeCache (380ms)
			ReleaseScriptCaches (0ms)
			RebuildScriptCaches (44ms)
			SetupLoadedEditorAssemblies (1746ms)
				LogAssemblyErrors (0ms)
				InitializePlatformSupportModulesInManaged (13ms)
				SetLoadedEditorAssemblies (0ms)
				RefreshPlugins (345ms)
				BeforeProcessingInitializeOnLoad (3ms)
				ProcessInitializeOnLoadAttributes (1281ms)
				ProcessInitializeOnLoadMethodAttributes (103ms)
				AfterProcessingInitializeOnLoad (0ms)
				EditorAssembliesLoaded (0ms)
			ExecutionOrderSort2 (0ms)
			AwakeInstancesAfterBackupRestoration (0ms)
Platform modules already initialized, skipping
Registering precompiled user dll's ...
Registered in 0.017989 seconds.
Begin MonoManager ReloadAssembly
Symbol file LoadedFromMemory doesn't match image C:\Users\Usuario\Desktop\El Bosco Juego\El-Bosco-Juego\Library\PackageCache\com.unity.visualscripting@1.7.8\Editor\VisualScripting.Core\Dependencies\YamlDotNet\Unity.VisualScripting.YamlDotNet.dll
Symbol file LoadedFromMemory doesn't match image C:\Users\Usuario\Desktop\El Bosco Juego\El-Bosco-Juego\Library\PackageCache\com.unity.visualscripting@1.7.8\Editor\VisualScripting.Core\Dependencies\DotNetZip\Unity.VisualScripting.IonicZip.dll
Native extension for WindowsStandalone target not found
Refreshing native plugins compatible for Editor in 181.22 ms, found 4 plugins.
Preloading 0 native plugins for Editor in 0.00 ms.
Mono: successfully reloaded assembly
- Completed reload, in  3.951 seconds
Domain Reload Profiling:
	ReloadAssembly (3954ms)
		BeginReloadAssembly (988ms)
			ExecutionOrderSort (0ms)
			DisableScriptedObjects (10ms)
			BackupInstance (0ms)
			ReleaseScriptingObjects (0ms)
			CreateAndSetChildDomain (122ms)
		EndReloadAssembly (2716ms)
			LoadAssemblies (844ms)
			RebuildTransferFunctionScriptingTraits (0ms)
			SetupTypeCache (454ms)
			ReleaseScriptCaches (1ms)
			RebuildScriptCaches (114ms)
			SetupLoadedEditorAssemblies (1897ms)
				LogAssemblyErrors (0ms)
				InitializePlatformSupportModulesInManaged (5ms)
				SetLoadedEditorAssemblies (0ms)
				RefreshPlugins (181ms)
				BeforeProcessingInitializeOnLoad (398ms)
				ProcessInitializeOnLoadAttributes (1218ms)
				ProcessInitializeOnLoadMethodAttributes (88ms)
				AfterProcessingInitializeOnLoad (7ms)
				EditorAssembliesLoaded (1ms)
			ExecutionOrderSort2 (0ms)
			AwakeInstancesAfterBackupRestoration (20ms)
Platform modules already initialized, skipping
========================================================================
Worker process is ready to serve import requests
Launched and connected shader compiler UnityShaderCompiler.exe after 0.12 seconds
Refreshing native plugins compatible for Editor in 0.95 ms, found 4 plugins.
Preloading 0 native plugins for Editor in 0.00 ms.
Unloading 4100 Unused Serialized files (Serialized files now loaded: 0)
Unloading 38 unused Assets / (56.1 KB). Loaded Objects now: 4559.
Memory consumption went from 154.0 MB to 154.0 MB.
Total: 7.578700 ms (FindLiveObjects: 0.587700 ms CreateObjectMapping: 0.692000 ms MarkObjects: 6.153800 ms  DeleteObjects: 0.143100 ms)

AssetImportParameters requested are different than current active one (requested -> active):
  custom:video-decoder-ogg-theora: a1e56fd34408186e4bbccfd4996cb3dc -> 
  custom:container-muxer-webm: aa71ff27fc2769a1b78a27578f13a17b -> 
  custom:container-demuxer-webm: 4f35f7cbe854078d1ac9338744f61a02 -> 
  custom:video-encoder-webm-vp8: eb34c28f22e8b96e1ab97ce403110664 -> 
  custom:audio-encoder-webm-vorbis: bf7c407c2cedff20999df2af8eb42d56 -> 
  custom:framework-win-MediaFoundation: 216162199b28c13a410421893ffa2e32 -> 
  custom:container-demuxer-ogg: 62fdf1f143b41e24485cea50d1cbac27 -> 
  custom:video-decoder-webm-vp8: 9c59270c3fd7afecdb556c50c9e8de78 -> 
  custom:audio-decoder-ogg-vorbis: bf7c407c2cedff20999df2af8eb42d56 -> 
========================================================================
Received Prepare
Registering precompiled user dll's ...
Registered in 0.015224 seconds.
Begin MonoManager ReloadAssembly
Symbol file LoadedFromMemory doesn't match image C:\Users\Usuario\Desktop\El Bosco Juego\El-Bosco-Juego\Library\PackageCache\com.unity.visualscripting@1.7.8\Editor\VisualScripting.Core\Dependencies\YamlDotNet\Unity.VisualScripting.YamlDotNet.dll
Symbol file LoadedFromMemory doesn't match image C:\Users\Usuario\Desktop\El Bosco Juego\El-Bosco-Juego\Library\PackageCache\com.unity.visualscripting@1.7.8\Editor\VisualScripting.Core\Dependencies\DotNetZip\Unity.VisualScripting.IonicZip.dll
Native extension for WindowsStandalone target not found
Refreshing native plugins compatible for Editor in 0.87 ms, found 4 plugins.
Preloading 0 native plugins for Editor in 0.00 ms.
Mono: successfully reloaded assembly
- Completed reload, in  2.398 seconds
Domain Reload Profiling:
	ReloadAssembly (2400ms)
		BeginReloadAssembly (333ms)
			ExecutionOrderSort (0ms)
			DisableScriptedObjects (16ms)
			BackupInstance (0ms)
			ReleaseScriptingObjects (0ms)
			CreateAndSetChildDomain (89ms)
		EndReloadAssembly (1872ms)
			LoadAssemblies (272ms)
			RebuildTransferFunctionScriptingTraits (1ms)
			SetupTypeCache (585ms)
			ReleaseScriptCaches (3ms)
			RebuildScriptCaches (106ms)
			SetupLoadedEditorAssemblies (855ms)
				LogAssemblyErrors (0ms)
				InitializePlatformSupportModulesInManaged (20ms)
				SetLoadedEditorAssemblies (1ms)
				RefreshPlugins (1ms)
				BeforeProcessingInitializeOnLoad (170ms)
				ProcessInitializeOnLoadAttributes (574ms)
				ProcessInitializeOnLoadMethodAttributes (83ms)
				AfterProcessingInitializeOnLoad (6ms)
				EditorAssembliesLoaded (0ms)
			ExecutionOrderSort2 (0ms)
			AwakeInstancesAfterBackupRestoration (27ms)
Platform modules already initialized, skipping
Refreshing native plugins compatible for Editor in 4.13 ms, found 4 plugins.
Preloading 0 native plugins for Editor in 0.00 ms.
Unloading 4076 Unused Serialized files (Serialized files now loaded: 0)
Unloading 25 unused Assets / (24.6 KB). Loaded Objects now: 4562.
Memory consumption went from 152.1 MB to 152.1 MB.
Total: 4.078300 ms (FindLiveObjects: 0.374400 ms CreateObjectMapping: 0.238200 ms MarkObjects: 3.417900 ms  DeleteObjects: 0.046200 ms)

AssetImportParameters requested are different than current active one (requested -> active):
  custom:video-decoder-ogg-theora: a1e56fd34408186e4bbccfd4996cb3dc -> 
  custom:container-muxer-webm: aa71ff27fc2769a1b78a27578f13a17b -> 
  custom:container-demuxer-webm: 4f35f7cbe854078d1ac9338744f61a02 -> 
  custom:video-encoder-webm-vp8: eb34c28f22e8b96e1ab97ce403110664 -> 
  custom:audio-encoder-webm-vorbis: bf7c407c2cedff20999df2af8eb42d56 -> 
  custom:framework-win-MediaFoundation: 216162199b28c13a410421893ffa2e32 -> 
  custom:container-demuxer-ogg: 62fdf1f143b41e24485cea50d1cbac27 -> 
  custom:video-decoder-webm-vp8: 9c59270c3fd7afecdb556c50c9e8de78 -> 
  custom:audio-decoder-ogg-vorbis: bf7c407c2cedff20999df2af8eb42d56 -> 
========================================================================
Received Import Request.
  Time since last request: 437035.680130 seconds.
  path: Assets/Logo-Taller.png
  artifactKey: Guid(97a46615cb7062e47b5635fc7d98dd31) Importer(815301076,1909f56bfc062723c751e8b465ee728b)
Start importing Assets/Logo-Taller.png using Guid(97a46615cb7062e47b5635fc7d98dd31) Importer(815301076,1909f56bfc062723c751e8b465ee728b)  -> (artifact id: 'd007dd4ebca3a34405f111273b5b9c5c') in 0.335190 seconds 
========================================================================
Received Import Request.
  Time since last request: 162.767322 seconds.
  path: Assets/bot贸n 1 (1).png
  artifactKey: Guid(9a78940ceb1d55f42a3ac96ee9540275) Importer(815301076,1909f56bfc062723c751e8b465ee728b)
Start importing Assets/bot贸n 1 (1).png using Guid(9a78940ceb1d55f42a3ac96ee9540275) Importer(815301076,1909f56bfc062723c751e8b465ee728b)  -> (artifact id: 'ebe5bcb50a946f167c0c6ca98ebae24d') in 0.183181 seconds 
========================================================================
Received Import Request.
  Time since last request: 7.577826 seconds.
  path: Assets/bot贸n.png
  artifactKey: Guid(9a78940ceb1d55f42a3ac96ee9540275) Importer(815301076,1909f56bfc062723c751e8b465ee728b)
Start importing Assets/bot贸n.png using Guid(9a78940ceb1d55f42a3ac96ee9540275) Importer(815301076,1909f56bfc062723c751e8b465ee728b)  -> (artifact id: 'a108082c6975fa087a6bee2a010e5697') in 0.062010 seconds 
========================================================================
Received Import Request.
  Time since last request: 221.654656 seconds.
  path: Assets/Scenes/Modo historia/Modo historia nivel 1.unity
  artifactKey: Guid(dfc68c48123c51044b42c6144c57fa19) Importer(815301076,1909f56bfc062723c751e8b465ee728b)
Start importing Assets/Scenes/Modo historia/Modo historia nivel 1.unity using Guid(dfc68c48123c51044b42c6144c57fa19) Importer(815301076,1909f56bfc062723c751e8b465ee728b)  -> (artifact id: '839335bf96a5eceaa174e5076ba88b5a') in 0.009307 seconds 
========================================================================
Received Import Request.
  Time since last request: 91.497551 seconds.
  path: Assets/Scenes/Modo historia/Modo historia nivel 2.unity
  artifactKey: Guid(7bdc7407d3a812c47ada5b7c5455c329) Importer(815301076,1909f56bfc062723c751e8b465ee728b)
Start importing Assets/Scenes/Modo historia/Modo historia nivel 2.unity using Guid(7bdc7407d3a812c47ada5b7c5455c329) Importer(815301076,1909f56bfc062723c751e8b465ee728b)  -> (artifact id: 'fad58811b07b0ffdae0b238cb382fc35') in 0.004122 seconds 
========================================================================
Received Import Request.
  Time since last request: 40.609757 seconds.
  path: Assets/Scenes/Modo historia/Modo historia nivel 3.unity
  artifactKey: Guid(406f7a069a765d34a87d2e666fca10ad) Importer(815301076,1909f56bfc062723c751e8b465ee728b)
Start importing Assets/Scenes/Modo historia/Modo historia nivel 3.unity using Guid(406f7a069a765d34a87d2e666fca10ad) Importer(815301076,1909f56bfc062723c751e8b465ee728b)  -> (artifact id: 'e93895ecd48137a17b1f6c792a2aebd5') in 0.012681 seconds 
========================================================================
Received Import Request.
  Time since last request: 40.772671 seconds.
  path: Assets/Scenes/Modo infinito/Modo infinito.unity
  artifactKey: Guid(23a1056e9caee5f409b34177bc9c7e93) Importer(815301076,1909f56bfc062723c751e8b465ee728b)
Start importing Assets/Scenes/Modo infinito/Modo infinito.unity using Guid(23a1056e9caee5f409b34177bc9c7e93) Importer(815301076,1909f56bfc062723c751e8b465ee728b)  -> (artifact id: 'dddc4c0df3e4701307904128942f3373') in 0.004450 seconds 
========================================================================
Received Prepare
Registering precompiled user dll's ...
Registered in 0.017771 seconds.
Begin MonoManager ReloadAssembly
Symbol file LoadedFromMemory doesn't match image C:\Users\Usuario\Desktop\El Bosco Juego\El-Bosco-Juego\Library\PackageCache\com.unity.visualscripting@1.7.8\Editor\VisualScripting.Core\Dependencies\YamlDotNet\Unity.VisualScripting.YamlDotNet.dll
Symbol file LoadedFromMemory doesn't match image C:\Users\Usuario\Desktop\El Bosco Juego\El-Bosco-Juego\Library\PackageCache\com.unity.visualscripting@1.7.8\Editor\VisualScripting.Core\Dependencies\DotNetZip\Unity.VisualScripting.IonicZip.dll
Native extension for WindowsStandalone target not found
Refreshing native plugins compatible for Editor in 0.86 ms, found 4 plugins.
Preloading 0 native plugins for Editor in 0.00 ms.
Mono: successfully reloaded assembly
- Completed reload, in  2.232 seconds
Domain Reload Profiling:
	ReloadAssembly (2234ms)
		BeginReloadAssembly (264ms)
			ExecutionOrderSort (0ms)
			DisableScriptedObjects (10ms)
			BackupInstance (0ms)
			ReleaseScriptingObjects (0ms)
			CreateAndSetChildDomain (58ms)
		EndReloadAssembly (1814ms)
			LoadAssemblies (219ms)
			RebuildTransferFunctionScriptingTraits (0ms)
			SetupTypeCache (467ms)
			ReleaseScriptCaches (4ms)
			RebuildScriptCaches (90ms)
			SetupLoadedEditorAssemblies (981ms)
				LogAssemblyErrors (0ms)
				InitializePlatformSupportModulesInManaged (17ms)
				SetLoadedEditorAssemblies (1ms)
				RefreshPlugins (1ms)
				BeforeProcessingInitializeOnLoad (179ms)
				ProcessInitializeOnLoadAttributes (541ms)
				ProcessInitializeOnLoadMethodAttributes (235ms)
				AfterProcessingInitializeOnLoad (7ms)
				EditorAssembliesLoaded (0ms)
			ExecutionOrderSort2 (0ms)
			AwakeInstancesAfterBackupRestoration (27ms)
Platform modules already initialized, skipping
Refreshing native plugins compatible for Editor in 7.39 ms, found 4 plugins.
Preloading 0 native plugins for Editor in 0.00 ms.
Unloading 4076 Unused Serialized files (Serialized files now loaded: 0)
Unloading 25 unused Assets / (24.6 KB). Loaded Objects now: 4574.
Memory consumption went from 156.4 MB to 156.4 MB.
Total: 7.162600 ms (FindLiveObjects: 1.033400 ms CreateObjectMapping: 0.556200 ms MarkObjects: 5.512000 ms  DeleteObjects: 0.059200 ms)

AssetImportParameters requested are different than current active one (requested -> active):
  custom:video-decoder-ogg-theora: a1e56fd34408186e4bbccfd4996cb3dc -> 
  custom:container-muxer-webm: aa71ff27fc2769a1b78a27578f13a17b -> 
  custom:container-demuxer-webm: 4f35f7cbe854078d1ac9338744f61a02 -> 
  custom:video-encoder-webm-vp8: eb34c28f22e8b96e1ab97ce403110664 -> 
  custom:audio-encoder-webm-vorbis: bf7c407c2cedff20999df2af8eb42d56 -> 
  custom:framework-win-MediaFoundation: 216162199b28c13a410421893ffa2e32 -> 
  custom:container-demuxer-ogg: 62fdf1f143b41e24485cea50d1cbac27 -> 
  custom:video-decoder-webm-vp8: 9c59270c3fd7afecdb556c50c9e8de78 -> 
  custom:audio-decoder-ogg-vorbis: bf7c407c2cedff20999df2af8eb42d56 -> 
========================================================================
Received Import Request.
  Time since last request: 103.736413 seconds.
  path: Assets/Scenes/Modo historia/Modo historia nivel 1.unity
  artifactKey: Guid(dfc68c48123c51044b42c6144c57fa19) Importer(815301076,1909f56bfc062723c751e8b465ee728b)
Start importing Assets/Scenes/Modo historia/Modo historia nivel 1.unity using Guid(dfc68c48123c51044b42c6144c57fa19) Importer(815301076,1909f56bfc062723c751e8b465ee728b)  -> (artifact id: '1be3c37dcf7fa08ec2b88a0187946f52') in 0.014904 seconds 
========================================================================
Received Import Request.
  Time since last request: 14.567327 seconds.
  path: Assets/Scenes/Modo historia/Modo historia nivel 2.unity
  artifactKey: Guid(7bdc7407d3a812c47ada5b7c5455c329) Importer(815301076,1909f56bfc062723c751e8b465ee728b)
Start importing Assets/Scenes/Modo historia/Modo historia nivel 2.unity using Guid(7bdc7407d3a812c47ada5b7c5455c329) Importer(815301076,1909f56bfc062723c751e8b465ee728b)  -> (artifact id: 'f63dd638f89425df0ab68a7ac61df023') in 0.003422 seconds 
========================================================================
Received Import Request.
  Time since last request: 15.020216 seconds.
  path: Assets/Scenes/Modo historia/Modo historia nivel 3.unity
  artifactKey: Guid(406f7a069a765d34a87d2e666fca10ad) Importer(815301076,1909f56bfc062723c751e8b465ee728b)
Start importing Assets/Scenes/Modo historia/Modo historia nivel 3.unity using Guid(406f7a069a765d34a87d2e666fca10ad) Importer(815301076,1909f56bfc062723c751e8b465ee728b)  -> (artifact id: 'e1ec22950c608fa135d351e941ae34c8') in 0.005048 seconds 
========================================================================
Received Prepare
Registering precompiled user dll's ...
Registered in 0.019397 seconds.
Begin MonoManager ReloadAssembly
Symbol file LoadedFromMemory doesn't match image C:\Users\Usuario\Desktop\El Bosco Juego\El-Bosco-Juego\Library\PackageCache\com.unity.visualscripting@1.7.8\Editor\VisualScripting.Core\Dependencies\YamlDotNet\Unity.VisualScripting.YamlDotNet.dll
Symbol file LoadedFromMemory doesn't match image C:\Users\Usuario\Desktop\El Bosco Juego\El-Bosco-Juego\Library\PackageCache\com.unity.visualscripting@1.7.8\Editor\VisualScripting.Core\Dependencies\DotNetZip\Unity.VisualScripting.IonicZip.dll
Native extension for WindowsStandalone target not found
Refreshing native plugins compatible for Editor in 1.76 ms, found 4 plugins.
Preloading 0 native plugins for Editor in 0.00 ms.
Mono: successfully reloaded assembly
- Completed reload, in  2.656 seconds
Domain Reload Profiling:
	ReloadAssembly (2658ms)
		BeginReloadAssembly (651ms)
			ExecutionOrderSort (0ms)
			DisableScriptedObjects (10ms)
			BackupInstance (0ms)
			ReleaseScriptingObjects (0ms)
			CreateAndSetChildDomain (58ms)
		EndReloadAssembly (1858ms)
			LoadAssemblies (621ms)
			RebuildTransferFunctionScriptingTraits (0ms)
			SetupTypeCache (547ms)
			ReleaseScriptCaches (3ms)
			RebuildScriptCaches (122ms)
			SetupLoadedEditorAssemblies (848ms)
				LogAssemblyErrors (0ms)
				InitializePlatformSupportModulesInManaged (24ms)
				SetLoadedEditorAssemblies (1ms)
				RefreshPlugins (2ms)
				BeforeProcessingInitializeOnLoad (188ms)
				ProcessInitializeOnLoadAttributes (531ms)
				ProcessInitializeOnLoadMethodAttributes (95ms)
				AfterProcessingInitializeOnLoad (7ms)
				EditorAssembliesLoaded (0ms)
			ExecutionOrderSort2 (0ms)
			AwakeInstancesAfterBackupRestoration (25ms)
Platform modules already initialized, skipping
Refreshing native plugins compatible for Editor in 5.69 ms, found 4 plugins.
Preloading 0 native plugins for Editor in 0.00 ms.
Unloading 4076 Unused Serialized files (Serialized files now loaded: 0)
Unloading 25 unused Assets / (24.6 KB). Loaded Objects now: 4577.
Memory consumption went from 156.5 MB to 156.4 MB.
Total: 7.911100 ms (FindLiveObjects: 0.829100 ms CreateObjectMapping: 0.842300 ms MarkObjects: 6.193500 ms  DeleteObjects: 0.044800 ms)

AssetImportParameters requested are different than current active one (requested -> active):
  custom:video-decoder-ogg-theora: a1e56fd34408186e4bbccfd4996cb3dc -> 
  custom:container-muxer-webm: aa71ff27fc2769a1b78a27578f13a17b -> 
  custom:container-demuxer-webm: 4f35f7cbe854078d1ac9338744f61a02 -> 
  custom:video-encoder-webm-vp8: eb34c28f22e8b96e1ab97ce403110664 -> 
  custom:audio-encoder-webm-vorbis: bf7c407c2cedff20999df2af8eb42d56 -> 
  custom:framework-win-MediaFoundation: 216162199b28c13a410421893ffa2e32 -> 
  custom:container-demuxer-ogg: 62fdf1f143b41e24485cea50d1cbac27 -> 
  custom:video-decoder-webm-vp8: 9c59270c3fd7afecdb556c50c9e8de78 -> 
  custom:audio-decoder-ogg-vorbis: bf7c407c2cedff20999df2af8eb42d56 -> 
========================================================================
Received Import Request.
  Time since last request: 41.632076 seconds.
  path: Assets/Scenes/Menu/Tutorial 2.unity
  artifactKey: Guid(2f714e1ce4540b945a425badcb1d37cf) Importer(815301076,1909f56bfc062723c751e8b465ee728b)
Start importing Assets/Scenes/Menu/Tutorial 2.unity using Guid(2f714e1ce4540b945a425badcb1d37cf) Importer(815301076,1909f56bfc062723c751e8b465ee728b)  -> (artifact id: '9c30e92c7188de86d2a3a9fa1af56eb7') in 0.021008 seconds 
========================================================================
Received Import Request.
  Time since last request: 632.149437 seconds.
  path: Assets/Scenes/Menu/Tutorial 2.unity
  artifactKey: Guid(2f714e1ce4540b945a425badcb1d37cf) Importer(815301076,1909f56bfc062723c751e8b465ee728b)
Start importing Assets/Scenes/Menu/Tutorial 2.unity using Guid(2f714e1ce4540b945a425badcb1d37cf) Importer(815301076,1909f56bfc062723c751e8b465ee728b)  -> (artifact id: 'c0aadc5724af73c644044637dba1aa69') in 0.004356 seconds 
========================================================================
Received Import Request.
  Time since last request: 0.633143 seconds.
  path: Assets/Scenes/Menu/Tutorial.unity
  artifactKey: Guid(2672d861446c6e34c948d253e94777b3) Importer(815301076,1909f56bfc062723c751e8b465ee728b)
Start importing Assets/Scenes/Menu/Tutorial.unity using Guid(2672d861446c6e34c948d253e94777b3) Importer(815301076,1909f56bfc062723c751e8b465ee728b)  -> (artifact id: '6bf6699d2ccfb41711c127fc86d919d1') in 0.008620 seconds 
========================================================================
Received Import Request.
  Time since last request: 15.472521 seconds.
  path: Assets/Scenes/Menu/Menu principal.unity
  artifactKey: Guid(fd5fa9d39a744e043841458877846bfb) Importer(815301076,1909f56bfc062723c751e8b465ee728b)
Start importing Assets/Scenes/Menu/Menu principal.unity using Guid(fd5fa9d39a744e043841458877846bfb) Importer(815301076,1909f56bfc062723c751e8b465ee728b)  -> (artifact id: 'b4e8b8c2ba6bc210bf2ec56ece53aa39') in 0.011023 seconds 
========================================================================
Received Import Request.
  Time since last request: 10.278851 seconds.
  path: Assets/Scenes/Menu/Creditos.unity
  artifactKey: Guid(41cf0cb36932db14282ff237166d6c7e) Importer(815301076,1909f56bfc062723c751e8b465ee728b)
Start importing Assets/Scenes/Menu/Creditos.unity using Guid(41cf0cb36932db14282ff237166d6c7e) Importer(815301076,1909f56bfc062723c751e8b465ee728b)  -> (artifact id: '0af81cc361cc90a491fdd6c347208be2') in 0.013618 seconds 
========================================================================
Received Import Request.
  Time since last request: 36.409965 seconds.
  path: Assets/Scenes/Menu/Tutorial.unity
  artifactKey: Guid(2672d861446c6e34c948d253e94777b3) Importer(815301076,1909f56bfc062723c751e8b465ee728b)
Start importing Assets/Scenes/Menu/Tutorial.unity using Guid(2672d861446c6e34c948d253e94777b3) Importer(815301076,1909f56bfc062723c751e8b465ee728b)  -> (artifact id: '55177d6cc85dc627190bbe75009c2e67') in 0.003796 seconds 
